::1 - - [01/Nov/2018:23:39:03 +0000] "GET /api/user-management HTTP/1.1" 401 27 "http://localhost:3000/" "Mozilla/5.0 (Windows NT 10.0; Win64; x64) AppleWebKit/537.36 (KHTML, like Gecko) Chrome/69.0.3497.100 Safari/537.36"
::1 - - [01/Nov/2018:23:40:01 +0000] "GET /api/user-management HTTP/1.1" 401 27 "http://localhost:3000/" "Mozilla/5.0 (Windows NT 10.0; Win64; x64) AppleWebKit/537.36 (KHTML, like Gecko) Chrome/69.0.3497.100 Safari/537.36"
::1 - - [01/Nov/2018:23:41:36 +0000] "GET /api/user-management HTTP/1.1" 401 27 "http://localhost:3000/" "Mozilla/5.0 (Windows NT 10.0; Win64; x64) AppleWebKit/537.36 (KHTML, like Gecko) Chrome/69.0.3497.100 Safari/537.36"
::1 - - [01/Nov/2018:23:44:01 +0000] "GET /api/user-management HTTP/1.1" 401 27 "http://localhost:3000/" "Mozilla/5.0 (Windows NT 10.0; Win64; x64) AppleWebKit/537.36 (KHTML, like Gecko) Chrome/69.0.3497.100 Safari/537.36"
::1 - - [01/Nov/2018:23:50:01 +0000] "GET /api/user-management HTTP/1.1" 401 27 "http://localhost:3000/" "Mozilla/5.0 (Windows NT 10.0; Win64; x64) AppleWebKit/537.36 (KHTML, like Gecko) Chrome/69.0.3497.100 Safari/537.36"
::1 - - [02/Nov/2018:00:41:33 +0000] "GET /api/users HTTP/1.1" 401 27 "-" "Mozilla/5.0 (Windows NT 10.0; Win64; x64) AppleWebKit/537.36 (KHTML, like Gecko) Chrome/69.0.3497.100 Safari/537.36"
::1 - - [02/Nov/2018:00:44:00 +0000] "GET /api/users HTTP/1.1" 401 27 "-" "Mozilla/5.0 (Windows NT 10.0; Win64; x64) AppleWebKit/537.36 (KHTML, like Gecko) Chrome/69.0.3497.100 Safari/537.36"
::1 - - [02/Nov/2018:00:44:01 +0000] "GET /api/users HTTP/1.1" 401 27 "-" "Mozilla/5.0 (Windows NT 10.0; Win64; x64) AppleWebKit/537.36 (KHTML, like Gecko) Chrome/69.0.3497.100 Safari/537.36"
::1 - - [02/Nov/2018:00:44:21 +0000] "GET /api/user-management HTTP/1.1" 401 27 "-" "Mozilla/5.0 (Windows NT 10.0; Win64; x64) AppleWebKit/537.36 (KHTML, like Gecko) Chrome/69.0.3497.100 Safari/537.36"
::1 - - [02/Nov/2018:00:46:05 +0000] "GET /api/user-management HTTP/1.1" 500 46 "-" "Mozilla/5.0 (Windows NT 10.0; Win64; x64) AppleWebKit/537.36 (KHTML, like Gecko) Chrome/69.0.3497.100 Safari/537.36"
::1 - - [02/Nov/2018:00:46:11 +0000] "GET /api/user-management HTTP/1.1" 500 46 "-" "Mozilla/5.0 (Windows NT 10.0; Win64; x64) AppleWebKit/537.36 (KHTML, like Gecko) Chrome/69.0.3497.100 Safari/537.36"
::1 - - [02/Nov/2018:00:49:19 +0000] "GET /api/user-management HTTP/1.1" 401 27 "-" "Mozilla/5.0 (Windows NT 10.0; Win64; x64) AppleWebKit/537.36 (KHTML, like Gecko) Chrome/69.0.3497.100 Safari/537.36"
::1 - - [02/Nov/2018:00:55:44 +0000] "GET /api/user-management HTTP/1.1" 401 27 "http://localhost:3000/" "Mozilla/5.0 (Windows NT 10.0; Win64; x64) AppleWebKit/537.36 (KHTML, like Gecko) Chrome/69.0.3497.100 Safari/537.36"
::1 - - [02/Nov/2018:01:03:05 +0000] "GET /api/user-management HTTP/1.1" 404 9 "http://localhost:3000/" "Mozilla/5.0 (Windows NT 10.0; Win64; x64) AppleWebKit/537.36 (KHTML, like Gecko) Chrome/69.0.3497.100 Safari/537.36"
::1 - - [02/Nov/2018:01:29:31 +0000] "GET /api/user-management HTTP/1.1" 404 9 "http://localhost:3000/" "Mozilla/5.0 (Windows NT 10.0; Win64; x64) AppleWebKit/537.36 (KHTML, like Gecko) Chrome/69.0.3497.100 Safari/537.36"
::1 - - [02/Nov/2018:01:31:52 +0000] "GET /api/user-management HTTP/1.1" 404 9 "-" "Mozilla/5.0 (Windows NT 10.0; Win64; x64) AppleWebKit/537.36 (KHTML, like Gecko) Chrome/69.0.3497.100 Safari/537.36"
::1 - - [02/Nov/2018:01:36:56 +0000] "GET /api/user-management HTTP/1.1" - - "-" "Mozilla/5.0 (Windows NT 10.0; Win64; x64) AppleWebKit/537.36 (KHTML, like Gecko) Chrome/69.0.3497.100 Safari/537.36"
::1 - - [02/Nov/2018:01:37:08 +0000] "GET /api/user-management HTTP/1.1" - - "-" "Mozilla/5.0 (Windows NT 10.0; Win64; x64) AppleWebKit/537.36 (KHTML, like Gecko) Chrome/69.0.3497.100 Safari/537.36"
::1 - - [02/Nov/2018:01:39:32 +0000] "GET /api/user-management HTTP/1.1" 500 1917 "-" "Mozilla/5.0 (Windows NT 10.0; Win64; x64) AppleWebKit/537.36 (KHTML, like Gecko) Chrome/69.0.3497.100 Safari/537.36"
::1 - - [02/Nov/2018:01:39:37 +0000] "GET /api/user-management HTTP/1.1" 500 1917 "-" "Mozilla/5.0 (Windows NT 10.0; Win64; x64) AppleWebKit/537.36 (KHTML, like Gecko) Chrome/69.0.3497.100 Safari/537.36"
::1 - - [02/Nov/2018:01:39:42 +0000] "GET /api/user-management HTTP/1.1" 500 1917 "-" "Mozilla/5.0 (Windows NT 10.0; Win64; x64) AppleWebKit/537.36 (KHTML, like Gecko) Chrome/69.0.3497.100 Safari/537.36"
::1 - - [02/Nov/2018:01:40:47 +0000] "GET /api/user-management HTTP/1.1" 500 1917 "-" "Mozilla/5.0 (Windows NT 10.0; Win64; x64) AppleWebKit/537.36 (KHTML, like Gecko) Chrome/69.0.3497.100 Safari/537.36"
::1 - - [02/Nov/2018:01:40:52 +0000] "GET /api/user-management HTTP/1.1" 500 1917 "-" "Mozilla/5.0 (Windows NT 10.0; Win64; x64) AppleWebKit/537.36 (KHTML, like Gecko) Chrome/69.0.3497.100 Safari/537.36"
::1 - - [02/Nov/2018:01:40:57 +0000] "GET /api/user-management HTTP/1.1" 500 1917 "-" "Mozilla/5.0 (Windows NT 10.0; Win64; x64) AppleWebKit/537.36 (KHTML, like Gecko) Chrome/69.0.3497.100 Safari/537.36"
::1 - - [02/Nov/2018:01:42:29 +0000] "GET /api/user-management HTTP/1.1" 500 1917 "-" "Mozilla/5.0 (Windows NT 10.0; Win64; x64) AppleWebKit/537.36 (KHTML, like Gecko) Chrome/69.0.3497.100 Safari/537.36"
::1 - - [02/Nov/2018:01:42:34 +0000] "GET /api/user-management HTTP/1.1" 500 1917 "-" "Mozilla/5.0 (Windows NT 10.0; Win64; x64) AppleWebKit/537.36 (KHTML, like Gecko) Chrome/69.0.3497.100 Safari/537.36"
::1 - - [02/Nov/2018:01:42:39 +0000] "GET /api/user-management HTTP/1.1" 500 1917 "-" "Mozilla/5.0 (Windows NT 10.0; Win64; x64) AppleWebKit/537.36 (KHTML, like Gecko) Chrome/69.0.3497.100 Safari/537.36"
::1 - - [02/Nov/2018:01:42:44 +0000] "GET /api/user-management HTTP/1.1" 500 1917 "-" "Mozilla/5.0 (Windows NT 10.0; Win64; x64) AppleWebKit/537.36 (KHTML, like Gecko) Chrome/69.0.3497.100 Safari/537.36"
::1 - - [02/Nov/2018:01:42:49 +0000] "GET /api/user-management HTTP/1.1" 500 1917 "http://localhost:3000/" "Mozilla/5.0 (Windows NT 10.0; Win64; x64) AppleWebKit/537.36 (KHTML, like Gecko) Chrome/69.0.3497.100 Safari/537.36"
::1 - - [02/Nov/2018:01:49:56 +0000] "GET /api/user-management HTTP/1.1" 500 1917 "http://localhost:3000/" "Mozilla/5.0 (Windows NT 10.0; Win64; x64) AppleWebKit/537.36 (KHTML, like Gecko) Chrome/69.0.3497.100 Safari/537.36"
::1 - - [02/Nov/2018:01:50:01 +0000] "GET /api/user-management HTTP/1.1" 500 1917 "http://localhost:3000/" "Mozilla/5.0 (Windows NT 10.0; Win64; x64) AppleWebKit/537.36 (KHTML, like Gecko) Chrome/69.0.3497.100 Safari/537.36"
::1 - - [02/Nov/2018:01:50:06 +0000] "GET /api/user-management HTTP/1.1" 500 1917 "http://localhost:3000/" "Mozilla/5.0 (Windows NT 10.0; Win64; x64) AppleWebKit/537.36 (KHTML, like Gecko) Chrome/69.0.3497.100 Safari/537.36"
::1 - - [02/Nov/2018:01:51:15 +0000] "GET /api/user-management HTTP/1.1" 500 1917 "http://localhost:3000/" "Mozilla/5.0 (Windows NT 10.0; Win64; x64) AppleWebKit/537.36 (KHTML, like Gecko) Chrome/69.0.3497.100 Safari/537.36"
::1 - - [02/Nov/2018:01:51:20 +0000] "GET /api/user-management HTTP/1.1" 500 1917 "http://localhost:3000/" "Mozilla/5.0 (Windows NT 10.0; Win64; x64) AppleWebKit/537.36 (KHTML, like Gecko) Chrome/69.0.3497.100 Safari/537.36"
::1 - - [06/Nov/2018:00:13:16 +0000] "GET /api/user-management HTTP/1.1" 500 1917 "http://localhost:3000/" "Mozilla/5.0 (Windows NT 10.0; Win64; x64) AppleWebKit/537.36 (KHTML, like Gecko) Chrome/69.0.3497.100 Safari/537.36"
::1 - - [06/Nov/2018:00:16:09 +0000] "GET /api/user-management HTTP/1.1" 500 1917 "http://localhost:3000/" "Mozilla/5.0 (Windows NT 10.0; Win64; x64) AppleWebKit/537.36 (KHTML, like Gecko) Chrome/69.0.3497.100 Safari/537.36"
::1 - - [06/Nov/2018:00:16:14 +0000] "GET /api/user-management HTTP/1.1" 500 1917 "http://localhost:3000/" "Mozilla/5.0 (Windows NT 10.0; Win64; x64) AppleWebKit/537.36 (KHTML, like Gecko) Chrome/69.0.3497.100 Safari/537.36"
::1 - - [06/Nov/2018:00:16:19 +0000] "GET /api/user-management HTTP/1.1" 500 1917 "http://localhost:3000/" "Mozilla/5.0 (Windows NT 10.0; Win64; x64) AppleWebKit/537.36 (KHTML, like Gecko) Chrome/69.0.3497.100 Safari/537.36"
::1 - - [06/Nov/2018:00:40:01 +0000] "GET /api/user-management HTTP/1.1" 500 1917 "http://localhost:3000/" "Mozilla/5.0 (Windows NT 10.0; Win64; x64) AppleWebKit/537.36 (KHTML, like Gecko) Chrome/69.0.3497.100 Safari/537.36"
::1 - - [06/Nov/2018:00:40:06 +0000] "GET /api/user-management HTTP/1.1" 500 1917 "http://localhost:3000/" "Mozilla/5.0 (Windows NT 10.0; Win64; x64) AppleWebKit/537.36 (KHTML, like Gecko) Chrome/69.0.3497.100 Safari/537.36"
::1 - - [06/Nov/2018:01:51:07 +0000] "GET /api/user-management HTTP/1.1" - - "http://localhost:3000/" "Mozilla/5.0 (Windows NT 10.0; Win64; x64) AppleWebKit/537.36 (KHTML, like Gecko) Chrome/69.0.3497.100 Safari/537.36"
::1 - - [06/Nov/2018:01:53:17 +0000] "GET /api/user-management HTTP/1.1" - - "http://localhost:3000/" "Mozilla/5.0 (Windows NT 10.0; Win64; x64) AppleWebKit/537.36 (KHTML, like Gecko) Chrome/69.0.3497.100 Safari/537.36"
::1 - - [06/Nov/2018:02:05:05 +0000] "GET /api/user-management HTTP/1.1" 500 1917 "http://localhost:3000/" "Mozilla/5.0 (Windows NT 10.0; Win64; x64) AppleWebKit/537.36 (KHTML, like Gecko) Chrome/69.0.3497.100 Safari/537.36"
::1 - - [06/Nov/2018:02:05:10 +0000] "GET /api/user-management HTTP/1.1" 500 1917 "http://localhost:3000/" "Mozilla/5.0 (Windows NT 10.0; Win64; x64) AppleWebKit/537.36 (KHTML, like Gecko) Chrome/69.0.3497.100 Safari/537.36"
::1 - - [06/Nov/2018:02:18:49 +0000] "GET /api/user-management HTTP/1.1" 500 1917 "http://localhost:3000/" "Mozilla/5.0 (Windows NT 10.0; Win64; x64) AppleWebKit/537.36 (KHTML, like Gecko) Chrome/69.0.3497.100 Safari/537.36"
::1 - - [06/Nov/2018:02:18:54 +0000] "GET /api/user-management HTTP/1.1" 500 1917 "http://localhost:3000/" "Mozilla/5.0 (Windows NT 10.0; Win64; x64) AppleWebKit/537.36 (KHTML, like Gecko) Chrome/69.0.3497.100 Safari/537.36"
::1 - - [06/Nov/2018:02:24:24 +0000] "GET /api/user-management HTTP/1.1" - - "http://localhost:3000/" "Mozilla/5.0 (Windows NT 10.0; Win64; x64) AppleWebKit/537.36 (KHTML, like Gecko) Chrome/69.0.3497.100 Safari/537.36"
::1 - - [06/Nov/2018:02:25:10 +0000] "GET /api/user-management HTTP/1.1" - - "http://localhost:3000/" "Mozilla/5.0 (Windows NT 10.0; Win64; x64) AppleWebKit/537.36 (KHTML, like Gecko) Chrome/69.0.3497.100 Safari/537.36"
::1 - - [06/Nov/2018:02:25:40 +0000] "GET /api/user-management HTTP/1.1" - - "http://localhost:3000/" "Mozilla/5.0 (Windows NT 10.0; Win64; x64) AppleWebKit/537.36 (KHTML, like Gecko) Chrome/69.0.3497.100 Safari/537.36"
::1 - - [06/Nov/2018:02:27:47 +0000] "GET /api/user-management HTTP/1.1" 500 1917 "http://localhost:3000/" "Mozilla/5.0 (Windows NT 10.0; Win64; x64) AppleWebKit/537.36 (KHTML, like Gecko) Chrome/69.0.3497.100 Safari/537.36"
::1 - - [06/Nov/2018:02:27:52 +0000] "GET /api/user-management HTTP/1.1" 500 1917 "http://localhost:3000/" "Mozilla/5.0 (Windows NT 10.0; Win64; x64) AppleWebKit/537.36 (KHTML, like Gecko) Chrome/69.0.3497.100 Safari/537.36"
::1 - - [06/Nov/2018:02:31:45 +0000] "GET /api/user-management HTTP/1.1" 500 1917 "http://localhost:3000/" "Mozilla/5.0 (Windows NT 10.0; Win64; x64) AppleWebKit/537.36 (KHTML, like Gecko) Chrome/69.0.3497.100 Safari/537.36"
::1 - - [06/Nov/2018:02:31:50 +0000] "GET /api/user-management HTTP/1.1" 500 1917 "http://localhost:3000/" "Mozilla/5.0 (Windows NT 10.0; Win64; x64) AppleWebKit/537.36 (KHTML, like Gecko) Chrome/69.0.3497.100 Safari/537.36"
::1 - - [06/Nov/2018:03:35:13 +0000] "GET /api/user-management HTTP/1.1" 500 1917 "http://localhost:3000/" "Mozilla/5.0 (Windows NT 10.0; Win64; x64) AppleWebKit/537.36 (KHTML, like Gecko) Chrome/69.0.3497.100 Safari/537.36"
